This is pdfTeX, Version 3.14159265-2.6-1.40.20 (MiKTeX 2.9.7050 64-bit) (preloaded format=pdflatex 2019.5.22)  17 OCT 2019 14:26
entering extended mode
**./TEX_SEMAC_PIRP_APP.tex
(TEX_SEMAC_PIRP_APP.tex
LaTeX2e <2018-12-01>

("C:\Users\Lucas Herick\AppData\Local\Programs\MiKTeX 2.9\tex/latex/beamer\beam
er.cls"
Document Class: beamer 2018/12/02 v3.55 A class for typesetting presentations

("C:\Users\Lucas Herick\AppData\Local\Programs\MiKTeX 2.9\tex/latex/beamer\beam
erbasemodes.sty"
("C:\Users\Lucas Herick\AppData\Local\Programs\MiKTeX 2.9\tex/latex/etoolbox\et
oolbox.sty"
Package: etoolbox 2018/08/19 v2.5f e-TeX tools for LaTeX (JAW)
\etb@tempcnta=\count80
)
\beamer@tempbox=\box27
\beamer@tempcount=\count81
\c@beamerpauses=\count82

("C:\Users\Lucas Herick\AppData\Local\Programs\MiKTeX 2.9\tex/latex/beamer\beam
erbasedecode.sty"
\beamer@slideinframe=\count83
\beamer@minimum=\count84
)
\beamer@commentbox=\box28
\beamer@modecount=\count85
)
("C:\Users\Lucas Herick\AppData\Local\Programs\MiKTeX 2.9\tex/generic/oberdiek\
ifpdf.sty"
Package: ifpdf 2018/09/07 v3.3 Provides the ifpdf switch
)
\headdp=\dimen102
\footheight=\dimen103
\sidebarheight=\dimen104
\beamer@tempdim=\dimen105
\beamer@finalheight=\dimen106
\beamer@animht=\dimen107
\beamer@animdp=\dimen108
\beamer@animwd=\dimen109
\beamer@leftmargin=\dimen110
\beamer@rightmargin=\dimen111
\beamer@leftsidebar=\dimen112
\beamer@rightsidebar=\dimen113
\beamer@boxsize=\dimen114
\beamer@vboxoffset=\dimen115
\beamer@descdefault=\dimen116
\beamer@descriptionwidth=\dimen117
\beamer@lastskip=\skip41
\beamer@areabox=\box29
\beamer@animcurrent=\box30
\beamer@animshowbox=\box31
\beamer@sectionbox=\box32
\beamer@logobox=\box33
\beamer@linebox=\box34
\beamer@sectioncount=\count86
\beamer@subsubsectionmax=\count87
\beamer@subsectionmax=\count88
\beamer@sectionmax=\count89
\beamer@totalheads=\count90
\beamer@headcounter=\count91
\beamer@partstartpage=\count92
\beamer@sectionstartpage=\count93
\beamer@subsectionstartpage=\count94
\beamer@animationtempa=\count95
\beamer@animationtempb=\count96
\beamer@xpos=\count97
\beamer@ypos=\count98
\beamer@ypos@offset=\count99
\beamer@showpartnumber=\count100
\beamer@currentsubsection=\count101
\beamer@coveringdepth=\count102
\beamer@sectionadjust=\count103
\beamer@tocsectionnumber=\count104

("C:\Users\Lucas Herick\AppData\Local\Programs\MiKTeX 2.9\tex/latex/beamer\beam
erbaseoptions.sty"
("C:\Users\Lucas Herick\AppData\Local\Programs\MiKTeX 2.9\tex/latex/graphics\ke
yval.sty"
Package: keyval 2014/10/28 v1.15 key=value parser (DPC)
\KV@toks@=\toks14
))
\beamer@paperwidth=\skip42
\beamer@paperheight=\skip43

("C:\Users\Lucas Herick\AppData\Local\Programs\MiKTeX 2.9\tex/latex/geometry\ge
ometry.sty"
Package: geometry 2018/04/16 v5.8 Page Geometry

("C:\Users\Lucas Herick\AppData\Local\Programs\MiKTeX 2.9\tex/generic/oberdiek\
ifvtex.sty"
Package: ifvtex 2016/05/16 v1.6 Detect VTeX and its facilities (HO)
Package ifvtex Info: VTeX not detected.
)
("C:\Users\Lucas Herick\AppData\Local\Programs\MiKTeX 2.9\tex/generic/ifxetex\i
fxetex.sty"
Package: ifxetex 2010/09/12 v0.6 Provides ifxetex conditional
)
\Gm@cnth=\count105
\Gm@cntv=\count106
\c@Gm@tempcnt=\count107
\Gm@bindingoffset=\dimen118
\Gm@wd@mp=\dimen119
\Gm@odd@mp=\dimen120
\Gm@even@mp=\dimen121
\Gm@layoutwidth=\dimen122
\Gm@layoutheight=\dimen123
\Gm@layouthoffset=\dimen124
\Gm@layoutvoffset=\dimen125
\Gm@dimlist=\toks15

("C:\Users\Lucas Herick\AppData\Local\Programs\MiKTeX 2.9\tex/latex/geometry\ge
ometry.cfg"))
("C:\Users\Lucas Herick\AppData\Local\Programs\MiKTeX 2.9\tex/latex/base\size10
.clo"
File: size10.clo 2018/09/03 v1.4i Standard LaTeX file (size option)
)
("C:\Users\Lucas Herick\AppData\Local\Programs\MiKTeX 2.9\tex/latex/pgf/basicla
yer\pgfcore.sty"
("C:\Users\Lucas Herick\AppData\Local\Programs\MiKTeX 2.9\tex/latex/graphics\gr
aphicx.sty"
Package: graphicx 2017/06/01 v1.1a Enhanced LaTeX Graphics (DPC,SPQR)

("C:\Users\Lucas Herick\AppData\Local\Programs\MiKTeX 2.9\tex/latex/graphics\gr
aphics.sty"
Package: graphics 2017/06/25 v1.2c Standard LaTeX Graphics (DPC,SPQR)

("C:\Users\Lucas Herick\AppData\Local\Programs\MiKTeX 2.9\tex/latex/graphics\tr
ig.sty"
Package: trig 2016/01/03 v1.10 sin cos tan (DPC)
)
("C:\Users\Lucas Herick\AppData\Local\Programs\MiKTeX 2.9\tex/latex/graphics-cf
g\graphics.cfg"
File: graphics.cfg 2016/06/04 v1.11 sample graphics configuration
)
Package graphics Info: Driver file: pdftex.def on input line 99.

("C:\Users\Lucas Herick\AppData\Local\Programs\MiKTeX 2.9\tex/latex/graphics-de
f\pdftex.def"
File: pdftex.def 2018/01/08 v1.0l Graphics/color driver for pdftex
))
\Gin@req@height=\dimen126
\Gin@req@width=\dimen127
)
("C:\Users\Lucas Herick\AppData\Local\Programs\MiKTeX 2.9\tex/latex/pgf/systeml
ayer\pgfsys.sty"
("C:\Users\Lucas Herick\AppData\Local\Programs\MiKTeX 2.9\tex/latex/pgf/utiliti
es\pgfrcs.sty"
("C:\Users\Lucas Herick\AppData\Local\Programs\MiKTeX 2.9\tex/generic/pgf/utili
ties\pgfutil-common.tex"
\pgfutil@everybye=\toks16
\pgfutil@tempdima=\dimen128
\pgfutil@tempdimb=\dimen129

("C:\Users\Lucas Herick\AppData\Local\Programs\MiKTeX 2.9\tex/generic/pgf/utili
ties\pgfutil-common-lists.tex"))
("C:\Users\Lucas Herick\AppData\Local\Programs\MiKTeX 2.9\tex/generic/pgf/utili
ties\pgfutil-latex.def"
\pgfutil@abb=\box35

("C:\Users\Lucas Herick\AppData\Local\Programs\MiKTeX 2.9\tex/latex/ms\everyshi
.sty"
Package: everyshi 2001/05/15 v3.00 EveryShipout Package (MS)
))
("C:\Users\Lucas Herick\AppData\Local\Programs\MiKTeX 2.9\tex/generic/pgf/utili
ties\pgfrcs.code.tex"
("C:\Users\Lucas Herick\AppData\Local\Programs\MiKTeX 2.9\tex/generic/pgf\pgf.r
evision.tex")
Package: pgfrcs 2019/05/09 v3.1.3 (3.1.3)
))
("C:\Users\Lucas Herick\AppData\Local\Programs\MiKTeX 2.9\tex/generic/pgf/syste
mlayer\pgfsys.code.tex"
Package: pgfsys 2019/05/09 v3.1.3 (3.1.3)

("C:\Users\Lucas Herick\AppData\Local\Programs\MiKTeX 2.9\tex/generic/pgf/utili
ties\pgfkeys.code.tex"
\pgfkeys@pathtoks=\toks17
\pgfkeys@temptoks=\toks18

("C:\Users\Lucas Herick\AppData\Local\Programs\MiKTeX 2.9\tex/generic/pgf/utili
ties\pgfkeysfiltered.code.tex"
\pgfkeys@tmptoks=\toks19
))
\pgf@x=\dimen130
\pgf@y=\dimen131
\pgf@xa=\dimen132
\pgf@ya=\dimen133
\pgf@xb=\dimen134
\pgf@yb=\dimen135
\pgf@xc=\dimen136
\pgf@yc=\dimen137
\pgf@xd=\dimen138
\pgf@yd=\dimen139
\w@pgf@writea=\write3
\r@pgf@reada=\read1
\c@pgf@counta=\count108
\c@pgf@countb=\count109
\c@pgf@countc=\count110
\c@pgf@countd=\count111
\t@pgf@toka=\toks20
\t@pgf@tokb=\toks21
\t@pgf@tokc=\toks22
\pgf@sys@id@count=\count112

("C:\Users\Lucas Herick\AppData\Local\Programs\MiKTeX 2.9\tex/generic/pgf/syste
mlayer\pgf.cfg"
File: pgf.cfg 2019/05/09 v3.1.3 (3.1.3)
)
Driver file for pgf: pgfsys-pdftex.def

("C:\Users\Lucas Herick\AppData\Local\Programs\MiKTeX 2.9\tex/generic/pgf/syste
mlayer\pgfsys-pdftex.def"
File: pgfsys-pdftex.def 2019/05/09 v3.1.3 (3.1.3)

("C:\Users\Lucas Herick\AppData\Local\Programs\MiKTeX 2.9\tex/generic/pgf/syste
mlayer\pgfsys-common-pdf.def"
File: pgfsys-common-pdf.def 2019/05/09 v3.1.3 (3.1.3)
)))
("C:\Users\Lucas Herick\AppData\Local\Programs\MiKTeX 2.9\tex/generic/pgf/syste
mlayer\pgfsyssoftpath.code.tex"
File: pgfsyssoftpath.code.tex 2019/05/09 v3.1.3 (3.1.3)
\pgfsyssoftpath@smallbuffer@items=\count113
\pgfsyssoftpath@bigbuffer@items=\count114
)
("C:\Users\Lucas Herick\AppData\Local\Programs\MiKTeX 2.9\tex/generic/pgf/syste
mlayer\pgfsysprotocol.code.tex"
File: pgfsysprotocol.code.tex 2019/05/09 v3.1.3 (3.1.3)
))
("C:\Users\Lucas Herick\AppData\Local\Programs\MiKTeX 2.9\tex/latex/xcolor\xcol
or.sty"
Package: xcolor 2016/05/11 v2.12 LaTeX color extensions (UK)

("C:\Users\Lucas Herick\AppData\Local\Programs\MiKTeX 2.9\tex/latex/graphics-cf
g\color.cfg"
File: color.cfg 2016/01/02 v1.6 sample color configuration
)
Package xcolor Info: Driver file: pdftex.def on input line 225.
Package xcolor Info: Model `cmy' substituted by `cmy0' on input line 1348.
Package xcolor Info: Model `hsb' substituted by `rgb' on input line 1352.
Package xcolor Info: Model `RGB' extended on input line 1364.
Package xcolor Info: Model `HTML' substituted by `rgb' on input line 1366.
Package xcolor Info: Model `Hsb' substituted by `hsb' on input line 1367.
Package xcolor Info: Model `tHsb' substituted by `hsb' on input line 1368.
Package xcolor Info: Model `HSB' substituted by `hsb' on input line 1369.
Package xcolor Info: Model `Gray' substituted by `gray' on input line 1370.
Package xcolor Info: Model `wave' substituted by `hsb' on input line 1371.
)
("C:\Users\Lucas Herick\AppData\Local\Programs\MiKTeX 2.9\tex/generic/pgf/basic
layer\pgfcore.code.tex"
Package: pgfcore 2019/05/09 v3.1.3 (3.1.3)

("C:\Users\Lucas Herick\AppData\Local\Programs\MiKTeX 2.9\tex/generic/pgf/math\
pgfmath.code.tex"
("C:\Users\Lucas Herick\AppData\Local\Programs\MiKTeX 2.9\tex/generic/pgf/math\
pgfmathcalc.code.tex"
("C:\Users\Lucas Herick\AppData\Local\Programs\MiKTeX 2.9\tex/generic/pgf/math\
pgfmathutil.code.tex")
("C:\Users\Lucas Herick\AppData\Local\Programs\MiKTeX 2.9\tex/generic/pgf/math\
pgfmathparser.code.tex"
\pgfmath@dimen=\dimen140
\pgfmath@count=\count115
\pgfmath@box=\box36
\pgfmath@toks=\toks23
\pgfmath@stack@operand=\toks24
\pgfmath@stack@operation=\toks25
)
("C:\Users\Lucas Herick\AppData\Local\Programs\MiKTeX 2.9\tex/generic/pgf/math\
pgfmathfunctions.code.tex"
("C:\Users\Lucas Herick\AppData\Local\Programs\MiKTeX 2.9\tex/generic/pgf/math\
pgfmathfunctions.basic.code.tex")
("C:\Users\Lucas Herick\AppData\Local\Programs\MiKTeX 2.9\tex/generic/pgf/math\
pgfmathfunctions.trigonometric.code.tex")
("C:\Users\Lucas Herick\AppData\Local\Programs\MiKTeX 2.9\tex/generic/pgf/math\
pgfmathfunctions.random.code.tex")
("C:\Users\Lucas Herick\AppData\Local\Programs\MiKTeX 2.9\tex/generic/pgf/math\
pgfmathfunctions.comparison.code.tex")
("C:\Users\Lucas Herick\AppData\Local\Programs\MiKTeX 2.9\tex/generic/pgf/math\
pgfmathfunctions.base.code.tex")
("C:\Users\Lucas Herick\AppData\Local\Programs\MiKTeX 2.9\tex/generic/pgf/math\
pgfmathfunctions.round.code.tex")
("C:\Users\Lucas Herick\AppData\Local\Programs\MiKTeX 2.9\tex/generic/pgf/math\
pgfmathfunctions.misc.code.tex")
("C:\Users\Lucas Herick\AppData\Local\Programs\MiKTeX 2.9\tex/generic/pgf/math\
pgfmathfunctions.integerarithmetics.code.tex")))
("C:\Users\Lucas Herick\AppData\Local\Programs\MiKTeX 2.9\tex/generic/pgf/math\
pgfmathfloat.code.tex"
\c@pgfmathroundto@lastzeros=\count116
))
("C:\Users\Lucas Herick\AppData\Local\Programs\MiKTeX 2.9\tex/generic/pgf/math\
pgfint.code.tex")
("C:\Users\Lucas Herick\AppData\Local\Programs\MiKTeX 2.9\tex/generic/pgf/basic
layer\pgfcorepoints.code.tex"
File: pgfcorepoints.code.tex 2019/05/09 v3.1.3 (3.1.3)
\pgf@picminx=\dimen141
\pgf@picmaxx=\dimen142
\pgf@picminy=\dimen143
\pgf@picmaxy=\dimen144
\pgf@pathminx=\dimen145
\pgf@pathmaxx=\dimen146
\pgf@pathminy=\dimen147
\pgf@pathmaxy=\dimen148
\pgf@xx=\dimen149
\pgf@xy=\dimen150
\pgf@yx=\dimen151
\pgf@yy=\dimen152
\pgf@zx=\dimen153
\pgf@zy=\dimen154
)
("C:\Users\Lucas Herick\AppData\Local\Programs\MiKTeX 2.9\tex/generic/pgf/basic
layer\pgfcorepathconstruct.code.tex"
File: pgfcorepathconstruct.code.tex 2019/05/09 v3.1.3 (3.1.3)
\pgf@path@lastx=\dimen155
\pgf@path@lasty=\dimen156
)
("C:\Users\Lucas Herick\AppData\Local\Programs\MiKTeX 2.9\tex/generic/pgf/basic
layer\pgfcorepathusage.code.tex"
File: pgfcorepathusage.code.tex 2019/05/09 v3.1.3 (3.1.3)
\pgf@shorten@end@additional=\dimen157
\pgf@shorten@start@additional=\dimen158
)
("C:\Users\Lucas Herick\AppData\Local\Programs\MiKTeX 2.9\tex/generic/pgf/basic
layer\pgfcorescopes.code.tex"
File: pgfcorescopes.code.tex 2019/05/09 v3.1.3 (3.1.3)
\pgfpic=\box37
\pgf@hbox=\box38
\pgf@layerbox@main=\box39
\pgf@picture@serial@count=\count117
)
("C:\Users\Lucas Herick\AppData\Local\Programs\MiKTeX 2.9\tex/generic/pgf/basic
layer\pgfcoregraphicstate.code.tex"
File: pgfcoregraphicstate.code.tex 2019/05/09 v3.1.3 (3.1.3)
\pgflinewidth=\dimen159
)
("C:\Users\Lucas Herick\AppData\Local\Programs\MiKTeX 2.9\tex/generic/pgf/basic
layer\pgfcoretransformations.code.tex"
File: pgfcoretransformations.code.tex 2019/05/09 v3.1.3 (3.1.3)
\pgf@pt@x=\dimen160
\pgf@pt@y=\dimen161
\pgf@pt@temp=\dimen162
)
("C:\Users\Lucas Herick\AppData\Local\Programs\MiKTeX 2.9\tex/generic/pgf/basic
layer\pgfcorequick.code.tex"
File: pgfcorequick.code.tex 2019/05/09 v3.1.3 (3.1.3)
)
("C:\Users\Lucas Herick\AppData\Local\Programs\MiKTeX 2.9\tex/generic/pgf/basic
layer\pgfcoreobjects.code.tex"
File: pgfcoreobjects.code.tex 2019/05/09 v3.1.3 (3.1.3)
)
("C:\Users\Lucas Herick\AppData\Local\Programs\MiKTeX 2.9\tex/generic/pgf/basic
layer\pgfcorepathprocessing.code.tex"
File: pgfcorepathprocessing.code.tex 2019/05/09 v3.1.3 (3.1.3)
)
("C:\Users\Lucas Herick\AppData\Local\Programs\MiKTeX 2.9\tex/generic/pgf/basic
layer\pgfcorearrows.code.tex"
File: pgfcorearrows.code.tex 2019/05/09 v3.1.3 (3.1.3)
\pgfarrowsep=\dimen163
)
("C:\Users\Lucas Herick\AppData\Local\Programs\MiKTeX 2.9\tex/generic/pgf/basic
layer\pgfcoreshade.code.tex"
File: pgfcoreshade.code.tex 2019/05/09 v3.1.3 (3.1.3)
\pgf@max=\dimen164
\pgf@sys@shading@range@num=\count118
\pgf@shadingcount=\count119
)
("C:\Users\Lucas Herick\AppData\Local\Programs\MiKTeX 2.9\tex/generic/pgf/basic
layer\pgfcoreimage.code.tex"
File: pgfcoreimage.code.tex 2019/05/09 v3.1.3 (3.1.3)

("C:\Users\Lucas Herick\AppData\Local\Programs\MiKTeX 2.9\tex/generic/pgf/basic
layer\pgfcoreexternal.code.tex"
File: pgfcoreexternal.code.tex 2019/05/09 v3.1.3 (3.1.3)
\pgfexternal@startupbox=\box40
))
("C:\Users\Lucas Herick\AppData\Local\Programs\MiKTeX 2.9\tex/generic/pgf/basic
layer\pgfcorelayers.code.tex"
File: pgfcorelayers.code.tex 2019/05/09 v3.1.3 (3.1.3)
)
("C:\Users\Lucas Herick\AppData\Local\Programs\MiKTeX 2.9\tex/generic/pgf/basic
layer\pgfcoretransparency.code.tex"
File: pgfcoretransparency.code.tex 2019/05/09 v3.1.3 (3.1.3)
)
("C:\Users\Lucas Herick\AppData\Local\Programs\MiKTeX 2.9\tex/generic/pgf/basic
layer\pgfcorepatterns.code.tex"
File: pgfcorepatterns.code.tex 2019/05/09 v3.1.3 (3.1.3)
)
("C:\Users\Lucas Herick\AppData\Local\Programs\MiKTeX 2.9\tex/generic/pgf/basic
layer\pgfcorerdf.code.tex"
File: pgfcorerdf.code.tex 2019/05/09 v3.1.3 (3.1.3)
)))
("C:\Users\Lucas Herick\AppData\Local\Programs\MiKTeX 2.9\tex/latex/pgf/utiliti
es\xxcolor.sty"
Package: xxcolor 2003/10/24 ver 0.1
\XC@nummixins=\count120
\XC@countmixins=\count121
)
("C:\Users\Lucas Herick\AppData\Local\Programs\MiKTeX 2.9\tex/generic/oberdiek\
atbegshi.sty"
Package: atbegshi 2016/06/09 v1.18 At begin shipout hook (HO)

("C:\Users\Lucas Herick\AppData\Local\Programs\MiKTeX 2.9\tex/generic/oberdiek\
infwarerr.sty"
Package: infwarerr 2016/05/16 v1.4 Providing info/warning/error messages (HO)
)
("C:\Users\Lucas Herick\AppData\Local\Programs\MiKTeX 2.9\tex/generic/oberdiek\
ltxcmds.sty"
Package: ltxcmds 2016/05/16 v1.23 LaTeX kernel commands for general use (HO)
))
("C:\Users\Lucas Herick\AppData\Local\Programs\MiKTeX 2.9\tex/latex/hyperref\hy
perref.sty"
Package: hyperref 2018/11/30 v6.88e Hypertext links for LaTeX

("C:\Users\Lucas Herick\AppData\Local\Programs\MiKTeX 2.9\tex/generic/oberdiek\
hobsub-hyperref.sty"
Package: hobsub-hyperref 2016/05/16 v1.14 Bundle oberdiek, subset hyperref (HO)


("C:\Users\Lucas Herick\AppData\Local\Programs\MiKTeX 2.9\tex/generic/oberdiek\
hobsub-generic.sty"
Package: hobsub-generic 2016/05/16 v1.14 Bundle oberdiek, subset generic (HO)
Package: hobsub 2016/05/16 v1.14 Construct package bundles (HO)
Package hobsub Info: Skipping package `infwarerr' (already loaded).
Package hobsub Info: Skipping package `ltxcmds' (already loaded).
Package: ifluatex 2016/05/16 v1.4 Provides the ifluatex switch (HO)
Package ifluatex Info: LuaTeX not detected.
Package hobsub Info: Skipping package `ifvtex' (already loaded).
Package: intcalc 2016/05/16 v1.2 Expandable calculations with integers (HO)
Package hobsub Info: Skipping package `ifpdf' (already loaded).
Package: etexcmds 2016/05/16 v1.6 Avoid name clashes with e-TeX commands (HO)
Package: kvsetkeys 2016/05/16 v1.17 Key value parser (HO)
Package: kvdefinekeys 2016/05/16 v1.4 Define keys (HO)
Package: pdftexcmds 2018/09/10 v0.29 Utility functions of pdfTeX for LuaTeX (HO
)
Package pdftexcmds Info: LuaTeX not detected.
Package pdftexcmds Info: \pdf@primitive is available.
Package pdftexcmds Info: \pdf@ifprimitive is available.
Package pdftexcmds Info: \pdfdraftmode found.
Package: pdfescape 2016/05/16 v1.14 Implements pdfTeX's escape features (HO)
Package: bigintcalc 2016/05/16 v1.4 Expandable calculations on big integers (HO
)
Package: bitset 2016/05/16 v1.2 Handle bit-vector datatype (HO)
Package: uniquecounter 2016/05/16 v1.3 Provide unlimited unique counter (HO)
)
Package hobsub Info: Skipping package `hobsub' (already loaded).
Package: letltxmacro 2016/05/16 v1.5 Let assignment for LaTeX macros (HO)
Package: hopatch 2016/05/16 v1.3 Wrapper for package hooks (HO)
Package: xcolor-patch 2016/05/16 xcolor patch
Package: atveryend 2016/05/16 v1.9 Hooks at the very end of document (HO)
Package hobsub Info: Skipping package `atbegshi' (already loaded).
Package: refcount 2016/05/16 v3.5 Data extraction from label references (HO)
Package: hycolor 2016/05/16 v1.8 Color options for hyperref/bookmark (HO)
)
("C:\Users\Lucas Herick\AppData\Local\Programs\MiKTeX 2.9\tex/latex/oberdiek\au
xhook.sty"
Package: auxhook 2016/05/16 v1.4 Hooks for auxiliary files (HO)
)
("C:\Users\Lucas Herick\AppData\Local\Programs\MiKTeX 2.9\tex/latex/oberdiek\kv
options.sty"
Package: kvoptions 2016/05/16 v3.12 Key value format for package options (HO)
)
\@linkdim=\dimen165
\Hy@linkcounter=\count122
\Hy@pagecounter=\count123

("C:\Users\Lucas Herick\AppData\Local\Programs\MiKTeX 2.9\tex/latex/hyperref\pd
1enc.def"
File: pd1enc.def 2018/11/30 v6.88e Hyperref: PDFDocEncoding definition (HO)
Now handling font encoding PD1 ...
... no UTF-8 mapping file for font encoding PD1
)
\Hy@SavedSpaceFactor=\count124

("C:\Users\Lucas Herick\AppData\Local\Programs\MiKTeX 2.9\tex/latex/00miktex\hy
perref.cfg"
File: hyperref.cfg 2002/06/06 v1.2 hyperref configuration of TeXLive
)
Package hyperref Info: Option `bookmarks' set `true' on input line 4393.
Package hyperref Info: Option `bookmarksopen' set `true' on input line 4393.
Package hyperref Info: Option `implicit' set `false' on input line 4393.
Package hyperref Info: Hyper figures OFF on input line 4519.
Package hyperref Info: Link nesting OFF on input line 4524.
Package hyperref Info: Hyper index ON on input line 4527.
Package hyperref Info: Plain pages OFF on input line 4534.
Package hyperref Info: Backreferencing OFF on input line 4539.
Package hyperref Info: Implicit mode OFF; no redefinition of LaTeX internals.
Package hyperref Info: Bookmarks ON on input line 4772.
\c@Hy@tempcnt=\count125

("C:\Users\Lucas Herick\AppData\Local\Programs\MiKTeX 2.9\tex/latex/url\url.sty
"
\Urlmuskip=\muskip10
Package: url 2013/09/16  ver 3.4  Verb mode for urls, etc.
)
LaTeX Info: Redefining \url on input line 5125.
\XeTeXLinkMargin=\dimen166
\Fld@menulength=\count126
\Field@Width=\dimen167
\Fld@charsize=\dimen168
Package hyperref Info: Hyper figures OFF on input line 6380.
Package hyperref Info: Link nesting OFF on input line 6385.
Package hyperref Info: Hyper index ON on input line 6388.
Package hyperref Info: backreferencing OFF on input line 6395.
Package hyperref Info: Link coloring OFF on input line 6400.
Package hyperref Info: Link coloring with OCG OFF on input line 6405.
Package hyperref Info: PDF/A mode OFF on input line 6410.
LaTeX Info: Redefining \ref on input line 6450.
LaTeX Info: Redefining \pageref on input line 6454.
\Hy@abspage=\count127


Package hyperref Message: Stopped early.

)
Package hyperref Info: Driver (autodetected): hpdftex.

("C:\Users\Lucas Herick\AppData\Local\Programs\MiKTeX 2.9\tex/latex/hyperref\hp
dftex.def"
File: hpdftex.def 2018/11/30 v6.88e Hyperref driver for pdfTeX
\Fld@listcount=\count128
\c@bookmark@seq@number=\count129

("C:\Users\Lucas Herick\AppData\Local\Programs\MiKTeX 2.9\tex/latex/oberdiek\re
runfilecheck.sty"
Package: rerunfilecheck 2016/05/16 v1.8 Rerun checks for auxiliary files (HO)
Package uniquecounter Info: New unique counter `rerunfilecheck' on input line 2
82.
))
("C:\Users\Lucas Herick\AppData\Local\Programs\MiKTeX 2.9\tex/latex/beamer\beam
erbaserequires.sty"
("C:\Users\Lucas Herick\AppData\Local\Programs\MiKTeX 2.9\tex/latex/beamer\beam
erbasecompatibility.sty")
("C:\Users\Lucas Herick\AppData\Local\Programs\MiKTeX 2.9\tex/latex/beamer\beam
erbasefont.sty"
("C:\Users\Lucas Herick\AppData\Local\Programs\MiKTeX 2.9\tex/latex/amsfonts\am
ssymb.sty"
Package: amssymb 2013/01/14 v3.01 AMS font symbols

("C:\Users\Lucas Herick\AppData\Local\Programs\MiKTeX 2.9\tex/latex/amsfonts\am
sfonts.sty"
Package: amsfonts 2013/01/14 v3.01 Basic AMSFonts support
\@emptytoks=\toks26
\symAMSa=\mathgroup4
\symAMSb=\mathgroup5
LaTeX Font Info:    Overwriting math alphabet `\mathfrak' in version `bold'
(Font)                  U/euf/m/n --> U/euf/b/n on input line 106.
))
("C:\Users\Lucas Herick\AppData\Local\Programs\MiKTeX 2.9\tex/latex/sansmathacc
ent\sansmathaccent.sty"
Package: sansmathaccent 2013/03/28

("C:\Users\Lucas Herick\AppData\Local\Programs\MiKTeX 2.9\tex/latex/filehook\fi
lehook.sty"
Package: filehook 2011/10/12 v0.5d Hooks for input files
)))
("C:\Users\Lucas Herick\AppData\Local\Programs\MiKTeX 2.9\tex/latex/beamer\beam
erbasetranslator.sty"
("C:\Users\Lucas Herick\AppData\Local\Programs\MiKTeX 2.9\tex/latex/translator\
translator.sty"
Package: translator 2018/01/04 v1.12 Easy translation of strings in LaTeX
))
("C:\Users\Lucas Herick\AppData\Local\Programs\MiKTeX 2.9\tex/latex/beamer\beam
erbasemisc.sty")
("C:\Users\Lucas Herick\AppData\Local\Programs\MiKTeX 2.9\tex/latex/beamer\beam
erbasetwoscreens.sty")
("C:\Users\Lucas Herick\AppData\Local\Programs\MiKTeX 2.9\tex/latex/beamer\beam
erbaseoverlay.sty"
\beamer@argscount=\count130
\beamer@lastskipcover=\skip44
\beamer@trivlistdepth=\count131
)
("C:\Users\Lucas Herick\AppData\Local\Programs\MiKTeX 2.9\tex/latex/beamer\beam
erbasetitle.sty")
("C:\Users\Lucas Herick\AppData\Local\Programs\MiKTeX 2.9\tex/latex/beamer\beam
erbasesection.sty"
\c@lecture=\count132
\c@part=\count133
\c@section=\count134
\c@subsection=\count135
\c@subsubsection=\count136
)
("C:\Users\Lucas Herick\AppData\Local\Programs\MiKTeX 2.9\tex/latex/beamer\beam
erbaseframe.sty"
\beamer@framebox=\box41
\beamer@frametitlebox=\box42
\beamer@zoombox=\box43
\beamer@zoomcount=\count137
\beamer@zoomframecount=\count138
\beamer@frametextheight=\dimen169
\c@subsectionslide=\count139
\beamer@frametopskip=\skip45
\beamer@framebottomskip=\skip46
\beamer@frametopskipautobreak=\skip47
\beamer@framebottomskipautobreak=\skip48
\beamer@envbody=\toks27
\framewidth=\dimen170
\c@framenumber=\count140
)
("C:\Users\Lucas Herick\AppData\Local\Programs\MiKTeX 2.9\tex/latex/beamer\beam
erbaseverbatim.sty"
\beamer@verbatimfileout=\write4
)
("C:\Users\Lucas Herick\AppData\Local\Programs\MiKTeX 2.9\tex/latex/beamer\beam
erbaseframesize.sty"
\beamer@splitbox=\box44
\beamer@autobreakcount=\count141
\beamer@autobreaklastheight=\dimen171
\beamer@frametitletoks=\toks28
\beamer@framesubtitletoks=\toks29
)
("C:\Users\Lucas Herick\AppData\Local\Programs\MiKTeX 2.9\tex/latex/beamer\beam
erbaseframecomponents.sty"
\beamer@footins=\box45
)
("C:\Users\Lucas Herick\AppData\Local\Programs\MiKTeX 2.9\tex/latex/beamer\beam
erbasecolor.sty")
("C:\Users\Lucas Herick\AppData\Local\Programs\MiKTeX 2.9\tex/latex/beamer\beam
erbasenotes.sty"
\beamer@frameboxcopy=\box46
)
("C:\Users\Lucas Herick\AppData\Local\Programs\MiKTeX 2.9\tex/latex/beamer\beam
erbasetoc.sty")
("C:\Users\Lucas Herick\AppData\Local\Programs\MiKTeX 2.9\tex/latex/beamer\beam
erbasetemplates.sty"
\beamer@sbttoks=\toks30

("C:\Users\Lucas Herick\AppData\Local\Programs\MiKTeX 2.9\tex/latex/beamer\beam
erbaseauxtemplates.sty"
("C:\Users\Lucas Herick\AppData\Local\Programs\MiKTeX 2.9\tex/latex/beamer\beam
erbaseboxes.sty"
\bmb@box=\box47
\bmb@colorbox=\box48
\bmb@boxshadow=\box49
\bmb@boxshadowball=\box50
\bmb@boxshadowballlarge=\box51
\bmb@temp=\dimen172
\bmb@dima=\dimen173
\bmb@dimb=\dimen174
\bmb@prevheight=\dimen175
)
\beamer@blockheadheight=\dimen176
))
("C:\Users\Lucas Herick\AppData\Local\Programs\MiKTeX 2.9\tex/latex/beamer\beam
erbaselocalstructure.sty"
("C:\Users\Lucas Herick\AppData\Local\Programs\MiKTeX 2.9\tex/latex/tools\enume
rate.sty"
Package: enumerate 2015/07/23 v3.00 enumerate extensions (DPC)
\@enLab=\toks31
)
\c@figure=\count142
\c@table=\count143
\abovecaptionskip=\skip49
\belowcaptionskip=\skip50
)
("C:\Users\Lucas Herick\AppData\Local\Programs\MiKTeX 2.9\tex/latex/beamer\beam
erbasenavigation.sty"
\beamer@section@min@dim=\dimen177
)
("C:\Users\Lucas Herick\AppData\Local\Programs\MiKTeX 2.9\tex/latex/beamer\beam
erbasetheorems.sty"
("C:\Users\Lucas Herick\AppData\Local\Programs\MiKTeX 2.9\tex/latex/amsmath\ams
math.sty"
Package: amsmath 2018/12/01 v2.17b AMS math features
\@mathmargin=\skip51

For additional information on amsmath, use the `?' option.

("C:\Users\Lucas Herick\AppData\Local\Programs\MiKTeX 2.9\tex/latex/amsmath\ams
text.sty"
Package: amstext 2000/06/29 v2.01 AMS text

("C:\Users\Lucas Herick\AppData\Local\Programs\MiKTeX 2.9\tex/latex/amsmath\ams
gen.sty"
File: amsgen.sty 1999/11/30 v2.0 generic functions
\@emptytoks=\toks32
\ex@=\dimen178
))
("C:\Users\Lucas Herick\AppData\Local\Programs\MiKTeX 2.9\tex/latex/amsmath\ams
bsy.sty"
Package: amsbsy 1999/11/29 v1.2d Bold Symbols
\pmbraise@=\dimen179
)
("C:\Users\Lucas Herick\AppData\Local\Programs\MiKTeX 2.9\tex/latex/amsmath\ams
opn.sty"
Package: amsopn 2016/03/08 v2.02 operator names
)
\inf@bad=\count144
LaTeX Info: Redefining \frac on input line 223.
\uproot@=\count145
\leftroot@=\count146
LaTeX Info: Redefining \overline on input line 385.
\classnum@=\count147
\DOTSCASE@=\count148
LaTeX Info: Redefining \ldots on input line 482.
LaTeX Info: Redefining \dots on input line 485.
LaTeX Info: Redefining \cdots on input line 606.
\Mathstrutbox@=\box52
\strutbox@=\box53
\big@size=\dimen180
LaTeX Font Info:    Redeclaring font encoding OML on input line 729.
LaTeX Font Info:    Redeclaring font encoding OMS on input line 730.
\macc@depth=\count149
\c@MaxMatrixCols=\count150
\dotsspace@=\muskip11
\c@parentequation=\count151
\dspbrk@lvl=\count152
\tag@help=\toks33
\row@=\count153
\column@=\count154
\maxfields@=\count155
\andhelp@=\toks34
\eqnshift@=\dimen181
\alignsep@=\dimen182
\tagshift@=\dimen183
\tagwidth@=\dimen184
\totwidth@=\dimen185
\lineht@=\dimen186
\@envbody=\toks35
\multlinegap=\skip52
\multlinetaggap=\skip53
\mathdisplay@stack=\toks36
LaTeX Info: Redefining \[ on input line 2844.
LaTeX Info: Redefining \] on input line 2845.
)
("C:\Users\Lucas Herick\AppData\Local\Programs\MiKTeX 2.9\tex/latex/amscls\amst
hm.sty"
Package: amsthm 2017/10/31 v2.20.4
\thm@style=\toks37
\thm@bodyfont=\toks38
\thm@headfont=\toks39
\thm@notefont=\toks40
\thm@headpunct=\toks41
\thm@preskip=\skip54
\thm@postskip=\skip55
\thm@headsep=\skip56
\dth@everypar=\toks42
)
\c@theorem=\count156
)
("C:\Users\Lucas Herick\AppData\Local\Programs\MiKTeX 2.9\tex/latex/beamer\beam
erbasethemes.sty"))
("C:\Users\Lucas Herick\AppData\Local\Programs\MiKTeX 2.9\tex/latex/beamer\beam
erthemedefault.sty"
("C:\Users\Lucas Herick\AppData\Local\Programs\MiKTeX 2.9\tex/latex/beamer\beam
erfontthemedefault.sty")
("C:\Users\Lucas Herick\AppData\Local\Programs\MiKTeX 2.9\tex/latex/beamer\beam
ercolorthemedefault.sty")
("C:\Users\Lucas Herick\AppData\Local\Programs\MiKTeX 2.9\tex/latex/beamer\beam
erinnerthemedefault.sty"
\beamer@dima=\dimen187
\beamer@dimb=\dimen188
)
("C:\Users\Lucas Herick\AppData\Local\Programs\MiKTeX 2.9\tex/latex/beamer\beam
erouterthemedefault.sty")))
("C:\Users\Lucas Herick\AppData\Local\Programs\MiKTeX 2.9\tex/latex/base\inpute
nc.sty"
Package: inputenc 2018/08/11 v1.3c Input encoding file
\inpenc@prehook=\toks43
\inpenc@posthook=\toks44
)
("C:\Users\Lucas Herick\AppData\Local\Programs\MiKTeX 2.9\tex/latex/base\fonten
c.sty"
Package: fontenc 2018/08/11 v2.0j Standard LaTeX package

("C:\Users\Lucas Herick\AppData\Local\Programs\MiKTeX 2.9\tex/latex/base\t1enc.
def"
File: t1enc.def 2018/08/11 v2.0j Standard LaTeX file
LaTeX Font Info:    Redeclaring font encoding T1 on input line 48.
))
("C:\Users\Lucas Herick\AppData\Local\Programs\MiKTeX 2.9\tex/generic/babel\bab
el.sty"
Package: babel 2019/05/04 3.31 The Babel package

("C:\Users\Lucas Herick\AppData\Local\Programs\MiKTeX 2.9\tex/generic/babel\swi
tch.def"
File: switch.def 2019/05/04 3.31 Babel switching mechanism
)
*************************************
* Local config file bblopts.cfg used
*

("C:\Users\Lucas Herick\AppData\Local\Programs\MiKTeX 2.9\tex/latex/arabi\bblop
ts.cfg"
File: bblopts.cfg 2005/09/08 v0.1 add Arabic and Farsi to "declared" options of
 babel
)
("C:\Users\Lucas Herick\AppData\Local\Programs\MiKTeX 2.9\tex/latex/babel-portu
ges\portuges.ldf"
Language: portuges 2008/03/18 v1.2q Portuguese support from the babel system

("C:\Users\Lucas Herick\AppData\Local\Programs\MiKTeX 2.9\tex/generic/babel\bab
el.def"
File: babel.def 2019/05/04 3.31 Babel common definitions
\babel@savecnt=\count157
\U@D=\dimen189

("C:\Users\Lucas Herick\AppData\Local\Programs\MiKTeX 2.9\tex/generic/babel\txt
babel.def")
LaTeX Info: Redefining \textlatin on input line 2089.
\bbl@dirlevel=\count158
)
Package babel Info: Making " an active character on input line 145.
))
("C:\Users\Lucas Herick\AppData\Local\Programs\MiKTeX 2.9\tex/latex/beamer\beam
erthemeCambridgeUS.sty"
("C:\Users\Lucas Herick\AppData\Local\Programs\MiKTeX 2.9\tex/latex/beamer\beam
erinnerthemerounded.sty")
("C:\Users\Lucas Herick\AppData\Local\Programs\MiKTeX 2.9\tex/latex/beamer\beam
erouterthemeinfolines.sty")
("C:\Users\Lucas Herick\AppData\Local\Programs\MiKTeX 2.9\tex/latex/beamer\beam
ercolorthemebeaver.sty"))
("C:\Users\Lucas Herick\AppData\Local\Programs\MiKTeX 2.9\tex/latex/tools\multi
col.sty"
Package: multicol 2018/12/27 v1.8v multicolumn formatting (FMi)
\c@tracingmulticols=\count159
\mult@box=\box54
\multicol@leftmargin=\dimen190
\c@unbalance=\count160
\c@collectmore=\count161
\doublecol@number=\count162
\multicoltolerance=\count163
\multicolpretolerance=\count164
\full@width=\dimen191
\page@free=\dimen192
\premulticols=\dimen193
\postmulticols=\dimen194
\multicolsep=\skip57
\multicolbaselineskip=\skip58
\partial@page=\box55
\last@line=\box56
\maxbalancingoverflow=\dimen195
\mult@rightbox=\box57
\mult@grightbox=\box58
\mult@gfirstbox=\box59
\mult@firstbox=\box60
\@tempa=\box61
\@tempa=\box62
\@tempa=\box63
\@tempa=\box64
\@tempa=\box65
\@tempa=\box66
\@tempa=\box67
\@tempa=\box68
\@tempa=\box69
\@tempa=\box70
\@tempa=\box71
\@tempa=\box72
\@tempa=\box73
\@tempa=\box74
\@tempa=\box75
\@tempa=\box76
\@tempa=\box77
\c@columnbadness=\count165
\c@finalcolumnbadness=\count166
\last@try=\dimen196
\multicolovershoot=\dimen197
\multicolundershoot=\dimen198
\mult@nat@firstbox=\box78
\colbreak@box=\box79
\mc@col@check@num=\count167
)
("C:\Users\Lucas Herick\AppData\Local\Programs\MiKTeX 2.9\tex/latex/multirow\mu
ltirow.sty"
Package: multirow 2019/01/01 v2.4 Span multiple rows of a table
\multirow@colwidth=\skip59
\multirow@cntb=\count168
\multirow@dima=\skip60
\bigstrutjot=\dimen199
)
("C:\Users\Lucas Herick\AppData\Local\Programs\MiKTeX 2.9\tex/latex/tools\array
.sty"
Package: array 2018/12/30 v2.4k Tabular extension package (FMi)
\col@sep=\dimen256
\ar@mcellbox=\box80
\extrarowheight=\dimen257
\NC@list=\toks45
\extratabsurround=\skip61
\backup@length=\skip62
\ar@cellbox=\box81
)
("C:\Users\Lucas Herick\AppData\Local\Programs\MiKTeX 2.9\tex/latex/booktabs\bo
oktabs.sty"
Package: booktabs 2005/04/14 v1.61803 publication quality tables
\heavyrulewidth=\dimen258
\lightrulewidth=\dimen259
\cmidrulewidth=\dimen260
\belowrulesep=\dimen261
\belowbottomsep=\dimen262
\aboverulesep=\dimen263
\abovetopsep=\dimen264
\cmidrulesep=\dimen265
\cmidrulekern=\dimen266
\defaultaddspace=\dimen267
\@cmidla=\count169
\@cmidlb=\count170
\@aboverulesep=\dimen268
\@belowrulesep=\dimen269
\@thisruleclass=\count171
\@lastruleclass=\count172
\@thisrulewidth=\dimen270
)
("C:\Users\Lucas Herick\AppData\Local\Programs\MiKTeX 2.9\tex/latex/pagecolor\p
agecolor.sty"
Package: pagecolor 2017/05/29 v1.0i Provides thepagecolor (HMM)
)
("C:\Users\Lucas Herick\AppData\Local\Programs\MiKTeX 2.9\tex/latex/mdframed\md
framed.sty"
Package: mdframed 2013/07/01 1.9b: mdframed

("C:\Users\Lucas Herick\AppData\Local\Programs\MiKTeX 2.9\tex/latex/l3packages/
xparse\xparse.sty"
("C:\Users\Lucas Herick\AppData\Local\Programs\MiKTeX 2.9\tex/latex/l3kernel\ex
pl3.sty"
Package: expl3 2019-05-28 L3 programming layer (loader) 

("C:\Users\Lucas Herick\AppData\Local\Programs\MiKTeX 2.9\tex/latex/l3kernel\ex
pl3-code.tex"
Package: expl3 2019-05-28 L3 programming layer (code)
\c_max_int=\count173
\l_tmpa_int=\count174
\l_tmpb_int=\count175
\g_tmpa_int=\count176
\g_tmpb_int=\count177
\g__kernel_prg_map_int=\count178
\c__ior_term_ior=\count179
\c_log_iow=\count180
\l_iow_line_count_int=\count181
\l__iow_line_target_int=\count182
\l__iow_one_indent_int=\count183
\l__iow_indent_int=\count184
\c_zero_dim=\dimen271
\c_max_dim=\dimen272
\l_tmpa_dim=\dimen273
\l_tmpb_dim=\dimen274
\g_tmpa_dim=\dimen275
\g_tmpb_dim=\dimen276
\c_zero_skip=\skip63
\c_max_skip=\skip64
\l_tmpa_skip=\skip65
\l_tmpb_skip=\skip66
\g_tmpa_skip=\skip67
\g_tmpb_skip=\skip68
\c_zero_muskip=\muskip12
\c_max_muskip=\muskip13
\l_tmpa_muskip=\muskip14
\l_tmpb_muskip=\muskip15
\g_tmpa_muskip=\muskip16
\g_tmpb_muskip=\muskip17
\l_keys_choice_int=\count185
\l__intarray_loop_int=\count186
\c__intarray_sp_dim=\dimen277
\g__intarray_font_int=\count187
\c__fp_leading_shift_int=\count188
\c__fp_middle_shift_int=\count189
\c__fp_trailing_shift_int=\count190
\c__fp_big_leading_shift_int=\count191
\c__fp_big_middle_shift_int=\count192
\c__fp_big_trailing_shift_int=\count193
\c__fp_Bigg_leading_shift_int=\count194
\c__fp_Bigg_middle_shift_int=\count195
\c__fp_Bigg_trailing_shift_int=\count196
\c__kernel_randint_max_int=\count197
\g__fp_array_int=\count198
\l__fp_array_loop_int=\count199
\l__sort_length_int=\count266
\l__sort_min_int=\count267
\l__sort_top_int=\count268
\l__sort_max_int=\count269
\l__sort_true_max_int=\count270
\l__sort_block_int=\count271
\l__sort_begin_int=\count272
\l__sort_end_int=\count273
\l__sort_A_int=\count274
\l__sort_B_int=\count275
\l__sort_C_int=\count276
\l__tl_analysis_normal_int=\count277
\l__tl_analysis_index_int=\count278
\l__tl_analysis_nesting_int=\count279
\l__tl_analysis_type_int=\count280
\l__regex_internal_a_int=\count281
\l__regex_internal_b_int=\count282
\l__regex_internal_c_int=\count283
\l__regex_balance_int=\count284
\l__regex_group_level_int=\count285
\l__regex_mode_int=\count286
\c__regex_cs_in_class_mode_int=\count287
\c__regex_cs_mode_int=\count288
\l__regex_catcodes_int=\count289
\l__regex_default_catcodes_int=\count290
\c__regex_catcode_D_int=\count291
\c__regex_catcode_S_int=\count292
\c__regex_catcode_L_int=\count293
\c__regex_catcode_O_int=\count294
\c__regex_catcode_A_int=\count295
\c__regex_all_catcodes_int=\count296
\l__regex_show_lines_int=\count297
\l__regex_min_state_int=\count298
\l__regex_max_state_int=\count299
\l__regex_left_state_int=\count300
\l__regex_right_state_int=\count301
\l__regex_capturing_group_int=\count302
\l__regex_min_pos_int=\count303
\l__regex_max_pos_int=\count304
\l__regex_curr_pos_int=\count305
\l__regex_start_pos_int=\count306
\l__regex_success_pos_int=\count307
\l__regex_curr_char_int=\count308
\l__regex_curr_catcode_int=\count309
\l__regex_last_char_int=\count310
\l__regex_case_changed_char_int=\count311
\l__regex_curr_state_int=\count312
\l__regex_step_int=\count313
\l__regex_min_active_int=\count314
\l__regex_max_active_int=\count315
\l__regex_replacement_csnames_int=\count316
\l__regex_match_count_int=\count317
\l__regex_min_submatch_int=\count318
\l__regex_submatch_int=\count319
\l__regex_zeroth_submatch_int=\count320
\g__regex_trace_regex_int=\count321
\c_empty_box=\box82
\l_tmpa_box=\box83
\l_tmpb_box=\box84
\g_tmpa_box=\box85
\g_tmpb_box=\box86
\l__box_top_dim=\dimen278
\l__box_bottom_dim=\dimen279
\l__box_left_dim=\dimen280
\l__box_right_dim=\dimen281
\l__box_top_new_dim=\dimen282
\l__box_bottom_new_dim=\dimen283
\l__box_left_new_dim=\dimen284
\l__box_right_new_dim=\dimen285
\l__box_internal_box=\box87
\l__coffin_internal_box=\box88
\l__coffin_internal_dim=\dimen286
\l__coffin_offset_x_dim=\dimen287
\l__coffin_offset_y_dim=\dimen288
\l__coffin_x_dim=\dimen289
\l__coffin_y_dim=\dimen290
\l__coffin_x_prime_dim=\dimen291
\l__coffin_y_prime_dim=\dimen292
\c_empty_coffin=\box89
\l__coffin_aligned_coffin=\box90
\l__coffin_aligned_internal_coffin=\box91
\l_tmpa_coffin=\box92
\l_tmpb_coffin=\box93
\g_tmpa_coffin=\box94
\g_tmpb_coffin=\box95
\l__coffin_bounding_shift_dim=\dimen293
\l__coffin_left_corner_dim=\dimen294
\l__coffin_right_corner_dim=\dimen295
\l__coffin_bottom_corner_dim=\dimen296
\l__coffin_top_corner_dim=\dimen297
\l__coffin_scaled_total_height_dim=\dimen298
\l__coffin_scaled_width_dim=\dimen299
\c__coffin_empty_coffin=\box96
\l__coffin_display_coffin=\box97
\l__coffin_display_coord_coffin=\box98
\l__coffin_display_pole_coffin=\box99
\l__coffin_display_offset_dim=\dimen300
\l__coffin_display_x_dim=\dimen301
\l__coffin_display_y_dim=\dimen302
\g__file_internal_ior=\read2
\l__seq_internal_a_int=\count322
\l__seq_internal_b_int=\count323
\c__deprecation_minus_one=\count324
)
("C:\Users\Lucas Herick\AppData\Local\Programs\MiKTeX 2.9\tex/latex/l3kernel\l3
pdfmode.def"
File: l3pdfmode.def 2019-04-06 v L3 Experimental driver: PDF mode
\l__driver_internal_box=\box100
\l__driver_color_stack_int=\count325
))
Package: xparse 2019-05-28 L3 Experimental document command parser
\l__xparse_current_arg_int=\count326
\g__xparse_grabber_int=\count327
\l__xparse_m_args_int=\count328
\l__xparse_v_nesting_int=\count329
)
("C:\Users\Lucas Herick\AppData\Local\Programs\MiKTeX 2.9\tex/latex/oberdiek\zr
ef-abspage.sty"
Package: zref-abspage 2018/11/21 v2.27 Module abspage for zref (HO)

("C:\Users\Lucas Herick\AppData\Local\Programs\MiKTeX 2.9\tex/latex/oberdiek\zr
ef-base.sty"
Package: zref-base 2018/11/21 v2.27 Module base for zref (HO)
Package zref Info: New property list: main on input line 759.
Package zref Info: New property: default on input line 760.
Package zref Info: New property: page on input line 761.
)
\c@abspage=\count330
Package zref Info: New property: abspage on input line 62.
)
("C:\Users\Lucas Herick\AppData\Local\Programs\MiKTeX 2.9\tex/latex/needspace\n
eedspace.sty"
Package: needspace 2010/09/12 v1.3d reserve vertical space
)
\mdf@templength=\skip69
\c@mdf@globalstyle@cnt=\count331
\mdf@skipabove@length=\skip70
\mdf@skipbelow@length=\skip71
\mdf@leftmargin@length=\skip72
\mdf@rightmargin@length=\skip73
\mdf@innerleftmargin@length=\skip74
\mdf@innerrightmargin@length=\skip75
\mdf@innertopmargin@length=\skip76
\mdf@innerbottommargin@length=\skip77
\mdf@splittopskip@length=\skip78
\mdf@splitbottomskip@length=\skip79
\mdf@outermargin@length=\skip80
\mdf@innermargin@length=\skip81
\mdf@linewidth@length=\skip82
\mdf@innerlinewidth@length=\skip83
\mdf@middlelinewidth@length=\skip84
\mdf@outerlinewidth@length=\skip85
\mdf@roundcorner@length=\skip86
\mdf@footenotedistance@length=\skip87
\mdf@userdefinedwidth@length=\skip88
\mdf@needspace@length=\skip89
\mdf@frametitleaboveskip@length=\skip90
\mdf@frametitlebelowskip@length=\skip91
\mdf@frametitlerulewidth@length=\skip92
\mdf@frametitleleftmargin@length=\skip93
\mdf@frametitlerightmargin@length=\skip94
\mdf@shadowsize@length=\skip95
\mdf@extratopheight@length=\skip96
\mdf@subtitleabovelinewidth@length=\skip97
\mdf@subtitlebelowlinewidth@length=\skip98
\mdf@subtitleaboveskip@length=\skip99
\mdf@subtitlebelowskip@length=\skip100
\mdf@subtitleinneraboveskip@length=\skip101
\mdf@subtitleinnerbelowskip@length=\skip102
\mdf@subsubtitleabovelinewidth@length=\skip103
\mdf@subsubtitlebelowlinewidth@length=\skip104
\mdf@subsubtitleaboveskip@length=\skip105
\mdf@subsubtitlebelowskip@length=\skip106
\mdf@subsubtitleinneraboveskip@length=\skip107
\mdf@subsubtitleinnerbelowskip@length=\skip108

("C:\Users\Lucas Herick\AppData\Local\Programs\MiKTeX 2.9\tex/latex/mdframed\md
-frame-0.mdf"
File: md-frame-0.mdf 2013/07/01\ 1.9b: md-frame-0
)
\mdf@frametitlebox=\box101
\mdf@footnotebox=\box102
\mdf@splitbox@one=\box103
\mdf@splitbox@two=\box104
\mdf@splitbox@save=\box105
\mdfsplitboxwidth=\skip109
\mdfsplitboxtotalwidth=\skip110
\mdfsplitboxheight=\skip111
\mdfsplitboxdepth=\skip112
\mdfsplitboxtotalheight=\skip113
\mdfframetitleboxwidth=\skip114
\mdfframetitleboxtotalwidth=\skip115
\mdfframetitleboxheight=\skip116
\mdfframetitleboxdepth=\skip117
\mdfframetitleboxtotalheight=\skip118
\mdffootnoteboxwidth=\skip119
\mdffootnoteboxtotalwidth=\skip120
\mdffootnoteboxheight=\skip121
\mdffootnoteboxdepth=\skip122
\mdffootnoteboxtotalheight=\skip123
\mdftotallinewidth=\skip124
\mdfboundingboxwidth=\skip125
\mdfboundingboxtotalwidth=\skip126
\mdfboundingboxheight=\skip127
\mdfboundingboxdepth=\skip128
\mdfboundingboxtotalheight=\skip129
\mdf@freevspace@length=\skip130
\mdf@horizontalwidthofbox@length=\skip131
\mdf@verticalmarginwhole@length=\skip132
\mdf@horizontalspaceofbox=\skip133
\mdfsubtitleheight=\skip134
\mdfsubsubtitleheight=\skip135
\c@mdfcountframes=\count332

****** mdframed patching \endmdf@trivlist

****** -- failed******

\mdf@envdepth=\count333
\c@mdf@env@i=\count334
\c@mdf@env@ii=\count335
\c@mdf@zref@counter=\count336
Package zref Info: New property: mdf@pagevalue on input line 895.
)
("C:\Users\Lucas Herick\AppData\Local\Programs\MiKTeX 2.9\tex/latex/tools\tabul
arx.sty"
Package: tabularx 2016/02/03 v2.11b `tabularx' package (DPC)
\TX@col@width=\dimen303
\TX@old@table=\dimen304
\TX@old@col=\dimen305
\TX@target=\dimen306
\TX@delta=\dimen307
\TX@cols=\count337
\TX@ftn=\toks46
)
\c@defn=\count338
 (TEX_SEMAC_PIRP_APP.aux)
\openout1 = `TEX_SEMAC_PIRP_APP.aux'.

LaTeX Font Info:    Checking defaults for OML/cmm/m/it on input line 41.
LaTeX Font Info:    ... okay on input line 41.
LaTeX Font Info:    Checking defaults for T1/cmr/m/n on input line 41.
LaTeX Font Info:    ... okay on input line 41.
LaTeX Font Info:    Checking defaults for OT1/cmr/m/n on input line 41.
LaTeX Font Info:    ... okay on input line 41.
LaTeX Font Info:    Checking defaults for OMS/cmsy/m/n on input line 41.
LaTeX Font Info:    ... okay on input line 41.
LaTeX Font Info:    Checking defaults for OMX/cmex/m/n on input line 41.
LaTeX Font Info:    ... okay on input line 41.
LaTeX Font Info:    Checking defaults for U/cmr/m/n on input line 41.
LaTeX Font Info:    ... okay on input line 41.
LaTeX Font Info:    Checking defaults for PD1/pdf/m/n on input line 41.
LaTeX Font Info:    ... okay on input line 41.

*geometry* driver: auto-detecting
*geometry* detected driver: pdftex
*geometry* verbose mode - [ preamble ] result:
* driver: pdftex
* paper: custom
* layout: <same size as paper>
* layoutoffset:(h,v)=(0.0pt,0.0pt)
* modes: includehead includefoot 
* h-part:(L,W,R)=(9.99756pt, 344.20024pt, 9.99756pt)
* v-part:(T,H,B)=(0.0pt, 273.14662pt, 0.0pt)
* \paperwidth=364.19536pt
* \paperheight=273.14662pt
* \textwidth=344.20024pt
* \textheight=244.6939pt
* \oddsidemargin=-62.27243pt
* \evensidemargin=-62.27243pt
* \topmargin=-72.26999pt
* \headheight=14.22636pt
* \headsep=0.0pt
* \topskip=10.0pt
* \footskip=14.22636pt
* \marginparwidth=3.0pt
* \marginparsep=11.0pt
* \columnsep=10.0pt
* \skip\footins=9.0pt plus 4.0pt minus 2.0pt
* \hoffset=0.0pt
* \voffset=0.0pt
* \mag=1000
* \@twocolumnfalse
* \@twosidefalse
* \@mparswitchfalse
* \@reversemarginfalse
* (1in=72.27pt=25.4mm, 1cm=28.453pt)


("C:\Users\Lucas Herick\AppData\Local\Programs\MiKTeX 2.9\tex/context/base/mkii
\supp-pdf.mkii"
[Loading MPS to PDF converter (version 2006.09.02).]
\scratchcounter=\count339
\scratchdimen=\dimen308
\scratchbox=\box106
\nofMPsegments=\count340
\nofMParguments=\count341
\everyMPshowfont=\toks47
\MPscratchCnt=\count342
\MPscratchDim=\dimen309
\MPnumerator=\count343
\makeMPintoPDFobject=\count344
\everyMPtoPDFconversion=\toks48
)
("C:\Users\Lucas Herick\AppData\Local\Programs\MiKTeX 2.9\tex/latex/oberdiek\ep
stopdf-base.sty"
Package: epstopdf-base 2016/05/15 v2.6 Base part for package epstopdf

("C:\Users\Lucas Herick\AppData\Local\Programs\MiKTeX 2.9\tex/latex/oberdiek\gr
fext.sty"
Package: grfext 2016/05/16 v1.2 Manage graphics extensions (HO)
)
Package epstopdf-base Info: Redefining graphics rule for `.eps' on input line 4
38.
Package grfext Info: Graphics extension search list:
(grfext)             [.pdf,.png,.jpg,.mps,.jpeg,.jbig2,.jb2,.PDF,.PNG,.JPG,.JPE
G,.JBIG2,.JB2,.eps]
(grfext)             \AppendGraphicsExtensions on input line 456.
) ABD: EveryShipout initializing macros
\AtBeginShipoutBox=\box107
Package hyperref Info: Link coloring OFF on input line 41.

("C:\Users\Lucas Herick\AppData\Local\Programs\MiKTeX 2.9\tex/latex/hyperref\na
meref.sty"
Package: nameref 2016/05/21 v2.44 Cross-referencing by name of section

("C:\Users\Lucas Herick\AppData\Local\Programs\MiKTeX 2.9\tex/generic/oberdiek\
gettitlestring.sty"
Package: gettitlestring 2016/05/16 v1.5 Cleanup title references (HO)
)
\c@section@level=\count345
)
LaTeX Info: Redefining \ref on input line 41.
LaTeX Info: Redefining \pageref on input line 41.
LaTeX Info: Redefining \nameref on input line 41.
 (TEX_SEMAC_PIRP_APP.out) (TEX_SEMAC_PIRP_APP.out)
\@outlinefile=\write5
\openout5 = `TEX_SEMAC_PIRP_APP.out'.

LaTeX Font Info:    Overwriting symbol font `operators' in version `normal'
(Font)                  OT1/cmr/m/n --> OT1/cmss/m/n on input line 41.
LaTeX Font Info:    Overwriting symbol font `operators' in version `bold'
(Font)                  OT1/cmr/bx/n --> OT1/cmss/bx/n on input line 41.
\symnumbers=\mathgroup6
\sympureletters=\mathgroup7
LaTeX Font Info:    Overwriting math alphabet `\mathrm' in version `normal'
(Font)                  OT1/cmss/m/n --> T1/cmr/m/n on input line 41.
LaTeX Font Info:    Redeclaring math alphabet \mathbf on input line 41.
LaTeX Font Info:    Overwriting math alphabet `\mathbf' in version `normal'
(Font)                  OT1/cmr/bx/n --> T1/cmss/bx/n on input line 41.
LaTeX Font Info:    Overwriting math alphabet `\mathbf' in version `bold'
(Font)                  OT1/cmr/bx/n --> T1/cmss/bx/n on input line 41.
LaTeX Font Info:    Redeclaring math alphabet \mathsf on input line 41.
LaTeX Font Info:    Overwriting math alphabet `\mathsf' in version `normal'
(Font)                  OT1/cmss/m/n --> T1/cmss/m/n on input line 41.
LaTeX Font Info:    Overwriting math alphabet `\mathsf' in version `bold'
(Font)                  OT1/cmss/bx/n --> T1/cmss/m/n on input line 41.
LaTeX Font Info:    Redeclaring math alphabet \mathit on input line 41.
LaTeX Font Info:    Overwriting math alphabet `\mathit' in version `normal'
(Font)                  OT1/cmr/m/it --> T1/cmss/m/it on input line 41.
LaTeX Font Info:    Overwriting math alphabet `\mathit' in version `bold'
(Font)                  OT1/cmr/bx/it --> T1/cmss/m/it on input line 41.
LaTeX Font Info:    Redeclaring math alphabet \mathtt on input line 41.
LaTeX Font Info:    Overwriting math alphabet `\mathtt' in version `normal'
(Font)                  OT1/cmtt/m/n --> T1/cmtt/m/n on input line 41.
LaTeX Font Info:    Overwriting math alphabet `\mathtt' in version `bold'
(Font)                  OT1/cmtt/m/n --> T1/cmtt/m/n on input line 41.
LaTeX Font Info:    Overwriting symbol font `numbers' in version `bold'
(Font)                  T1/cmss/m/n --> T1/cmss/bx/n on input line 41.
LaTeX Font Info:    Overwriting symbol font `pureletters' in version `bold'
(Font)                  T1/cmss/m/it --> T1/cmss/bx/it on input line 41.
LaTeX Font Info:    Overwriting math alphabet `\mathrm' in version `bold'
(Font)                  OT1/cmss/bx/n --> T1/cmr/bx/n on input line 41.
LaTeX Font Info:    Overwriting math alphabet `\mathbf' in version `bold'
(Font)                  T1/cmss/bx/n --> T1/cmss/bx/n on input line 41.
LaTeX Font Info:    Overwriting math alphabet `\mathsf' in version `bold'
(Font)                  T1/cmss/m/n --> T1/cmss/bx/n on input line 41.
LaTeX Font Info:    Overwriting math alphabet `\mathit' in version `bold'
(Font)                  T1/cmss/m/it --> T1/cmss/bx/it on input line 41.
LaTeX Font Info:    Overwriting math alphabet `\mathtt' in version `bold'
(Font)                  T1/cmtt/m/n --> T1/cmtt/bx/n on input line 41.
LaTeX Font Info:    Redeclaring symbol font `pureletters' on input line 41.
LaTeX Font Info:    Encoding `T1' has changed to `OT1' for symbol font
(Font)              `pureletters' in the math version `normal' on input line 41
.
LaTeX Font Info:    Overwriting symbol font `pureletters' in version `normal'
(Font)                  T1/cmss/m/it --> OT1/mathkerncmss/m/sl on input line 41
.
LaTeX Font Info:    Encoding `T1' has changed to `OT1' for symbol font
(Font)              `pureletters' in the math version `bold' on input line 41.
LaTeX Font Info:    Overwriting symbol font `pureletters' in version `bold'
(Font)                  T1/cmss/bx/it --> OT1/mathkerncmss/m/sl on input line 4
1.
LaTeX Font Info:    Overwriting symbol font `pureletters' in version `bold'
(Font)                  OT1/mathkerncmss/m/sl --> OT1/mathkerncmss/bx/sl on inp
ut line 41.

("C:\Users\Lucas Herick\AppData\Local\Programs\MiKTeX 2.9\tex/latex/translator\
translator-basic-dictionary-English.dict"
Dictionary: translator-basic-dictionary, Language: English 
)
("C:\Users\Lucas Herick\AppData\Local\Programs\MiKTeX 2.9\tex/latex/translator\
translator-bibliography-dictionary-English.dict"
Dictionary: translator-bibliography-dictionary, Language: English 
)
("C:\Users\Lucas Herick\AppData\Local\Programs\MiKTeX 2.9\tex/latex/translator\
translator-environment-dictionary-English.dict"
Dictionary: translator-environment-dictionary, Language: English 
)
("C:\Users\Lucas Herick\AppData\Local\Programs\MiKTeX 2.9\tex/latex/translator\
translator-months-dictionary-English.dict"
Dictionary: translator-months-dictionary, Language: English 
)
("C:\Users\Lucas Herick\AppData\Local\Programs\MiKTeX 2.9\tex/latex/translator\
translator-numbers-dictionary-English.dict"
Dictionary: translator-numbers-dictionary, Language: English 
)
("C:\Users\Lucas Herick\AppData\Local\Programs\MiKTeX 2.9\tex/latex/translator\
translator-theorem-dictionary-English.dict"
Dictionary: translator-theorem-dictionary, Language: English 
) (TEX_SEMAC_PIRP_APP.nav)
\GPT@outputbox=\box108


Package hyperref Warning: Option `pdfauthor' has already been used,
(hyperref)                setting the option has no effect on input line 46.

LaTeX Font Info:    Try loading font information for U+msa on input line 87.

("C:\Users\Lucas Herick\AppData\Local\Programs\MiKTeX 2.9\tex/latex/amsfonts\um
sa.fd"
File: umsa.fd 2013/01/14 v3.01 AMS symbols A
)
LaTeX Font Info:    Try loading font information for U+msb on input line 87.

("C:\Users\Lucas Herick\AppData\Local\Programs\MiKTeX 2.9\tex/latex/amsfonts\um
sb.fd"
File: umsb.fd 2013/01/14 v3.01 AMS symbols B
)
LaTeX Font Info:    Try loading font information for OT1+mathkerncmss on input 
line 87.

("C:\Users\Lucas Herick\AppData\Local\Programs\MiKTeX 2.9\tex/latex/sansmathacc
ent\ot1mathkerncmss.fd"
File: ot1mathkerncmss.fd 2013/03/27 Fontinst v1.933 font definitions for OT1/ma
thkerncmss.
)
<./images/UFF_LOGO_wt.png, id=13, 308.65312pt x 158.09062pt>
File: ./images/UFF_LOGO_wt.png Graphic file (type png)
<use ./images/UFF_LOGO_wt.png>
Package pdftex.def Info: ./images/UFF_LOGO_wt.png  used on input line 87.
(pdftex.def)             Requested size: 51.62793pt x 26.44325pt.
<./images/CAPES_LOGO_wt.png, id=15, 176.15813pt x 161.85469pt>
File: ./images/CAPES_LOGO_wt.png Graphic file (type png)
<use ./images/CAPES_LOGO_wt.png>
Package pdftex.def Info: ./images/CAPES_LOGO_wt.png  used on input line 87.
(pdftex.def)             Requested size: 51.62793pt x 47.43553pt.
<./images/PIRP_LOGO_wt.png, id=16, 602.25pt x 552.56438pt>
File: ./images/PIRP_LOGO_wt.png Graphic file (type png)
<use ./images/PIRP_LOGO_wt.png>
Package pdftex.def Info: ./images/PIRP_LOGO_wt.png  used on input line 87.
(pdftex.def)             Requested size: 51.62793pt x 47.36784pt.
<BG7_dark_UFF.png, id=23, 602.25pt x 502.87875pt>
File: BG7_dark_UFF.png Graphic file (type png)
<use BG7_dark_UFF.png>
Package pdftex.def Info: BG7_dark_UFF.png  used on input line 87.
(pdftex.def)             Requested size: 364.21074pt x 273.14651pt.

Overfull \hbox (21.50851pt too wide) has occurred while \output is active
 [][]  \T1/cmss/m/n/5 ([])  
 []


Overfull \hbox (7.25168pt too wide) has occurred while \output is active
 [][]|  []\T1/cmss/m/n/5 1/15|  
 []

[1

{C:/Users/Lucas Herick/AppData/Local/MiKTeX/2.9/pdftex/config/pdftex.map} <./BG
7_dark_UFF.png> <./images/UFF_LOGO_wt.png> <./images/CAPES_LOGO_wt.png> <./imag
es/PIRP_LOGO_wt.png>]
<./images/APP_ICON_noBG.png, id=63, 256.96pt x 256.96pt>
File: ./images/APP_ICON_noBG.png Graphic file (type png)
<use ./images/APP_ICON_noBG.png>
Package pdftex.def Info: ./images/APP_ICON_noBG.png  used on input line 121.
(pdftex.def)             Requested size: 86.05005pt x 86.05174pt.
File: BG7_dark_UFF.png Graphic file (type png)
<use BG7_dark_UFF.png>
Package pdftex.def Info: BG7_dark_UFF.png  used on input line 121.
(pdftex.def)             Requested size: 364.21074pt x 273.14651pt.

Overfull \hbox (21.50851pt too wide) has occurred while \output is active
 [][]  \T1/cmss/m/n/5 ([])  
 []


Overfull \hbox (7.25168pt too wide) has occurred while \output is active
 [][]|  []\T1/cmss/m/n/5 2/15|  
 []

[2

 <./images/APP_ICON_noBG.png>]
File: ./images/APP_ICON_noBG.png Graphic file (type png)
<use ./images/APP_ICON_noBG.png>
Package pdftex.def Info: ./images/APP_ICON_noBG.png  used on input line 121.
(pdftex.def)             Requested size: 86.05005pt x 86.05174pt.
File: BG7_dark_UFF.png Graphic file (type png)
<use BG7_dark_UFF.png>
Package pdftex.def Info: BG7_dark_UFF.png  used on input line 121.
(pdftex.def)             Requested size: 364.21074pt x 273.14651pt.

Overfull \hbox (21.50851pt too wide) has occurred while \output is active
 [][]  \T1/cmss/m/n/5 ([])  
 []


Overfull \hbox (7.25168pt too wide) has occurred while \output is active
 [][]|  []\T1/cmss/m/n/5 2/15|  
 []

[3

]
<./images/unity.jpg, id=118, 1284.8pt x 722.7pt>
File: ./images/unity.jpg Graphic file (type jpg)
<use ./images/unity.jpg>
Package pdftex.def Info: ./images/unity.jpg  used on input line 143.
(pdftex.def)             Requested size: 103.26111pt x 58.08183pt.
File: BG7_dark_UFF.png Graphic file (type png)
<use BG7_dark_UFF.png>
Package pdftex.def Info: BG7_dark_UFF.png  used on input line 143.
(pdftex.def)             Requested size: 364.21074pt x 273.14651pt.

Overfull \hbox (21.50851pt too wide) has occurred while \output is active
 [][]  \T1/cmss/m/n/5 ([])  
 []


Overfull \hbox (7.25168pt too wide) has occurred while \output is active
 [][]|  []\T1/cmss/m/n/5 3/15|  
 []

[4

 <./images/unity.jpg>]
File: BG7_dark_UFF.png Graphic file (type png)
<use BG7_dark_UFF.png>
Package pdftex.def Info: BG7_dark_UFF.png  used on input line 159.
(pdftex.def)             Requested size: 364.21074pt x 273.14651pt.

Overfull \hbox (21.50851pt too wide) has occurred while \output is active
 [][]  \T1/cmss/m/n/5 ([])  
 []


Overfull \hbox (7.25168pt too wide) has occurred while \output is active
 [][]|  []\T1/cmss/m/n/5 4/15|  
 []

[5

]
File: BG7_dark_UFF.png Graphic file (type png)
<use BG7_dark_UFF.png>
Package pdftex.def Info: BG7_dark_UFF.png  used on input line 159.
(pdftex.def)             Requested size: 364.21074pt x 273.14651pt.

Overfull \hbox (21.50851pt too wide) has occurred while \output is active
 [][]  \T1/cmss/m/n/5 ([])  
 []


Overfull \hbox (7.25168pt too wide) has occurred while \output is active
 [][]|  []\T1/cmss/m/n/5 4/15|  
 []

[6

]
File: BG7_dark_UFF.png Graphic file (type png)
<use BG7_dark_UFF.png>
Package pdftex.def Info: BG7_dark_UFF.png  used on input line 159.
(pdftex.def)             Requested size: 364.21074pt x 273.14651pt.

Overfull \hbox (21.50851pt too wide) has occurred while \output is active
 [][]  \T1/cmss/m/n/5 ([])  
 []


Overfull \hbox (7.25168pt too wide) has occurred while \output is active
 [][]|  []\T1/cmss/m/n/5 4/15|  
 []

[7

]
File: BG7_dark_UFF.png Graphic file (type png)
<use BG7_dark_UFF.png>
Package pdftex.def Info: BG7_dark_UFF.png  used on input line 159.
(pdftex.def)             Requested size: 364.21074pt x 273.14651pt.

Overfull \hbox (21.50851pt too wide) has occurred while \output is active
 [][]  \T1/cmss/m/n/5 ([])  
 []


Overfull \hbox (7.25168pt too wide) has occurred while \output is active
 [][]|  []\T1/cmss/m/n/5 4/15|  
 []

[8

]
<./images/StatCounter-os_research.png, id=255, 1027.84pt x 578.16pt>
File: ./images/StatCounter-os_research.png Graphic file (type png)
<use ./images/StatCounter-os_research.png>
Package pdftex.def Info: ./images/StatCounter-os_research.png  used on input li
ne 176.
(pdftex.def)             Requested size: 275.36124pt x 154.88785pt.
File: BG7_dark_UFF.png Graphic file (type png)
<use BG7_dark_UFF.png>
Package pdftex.def Info: BG7_dark_UFF.png  used on input line 176.
(pdftex.def)             Requested size: 364.21074pt x 273.14651pt.

Overfull \hbox (21.50851pt too wide) has occurred while \output is active
 [][]  \T1/cmss/m/n/5 ([])  
 []


Overfull \hbox (7.25168pt too wide) has occurred while \output is active
 [][]|  []\T1/cmss/m/n/5 5/15|  
 []

[9

 <./images/StatCounter-os_research.png>]
File: ./images/StatCounter-os_research.png Graphic file (type png)
<use ./images/StatCounter-os_research.png>
Package pdftex.def Info: ./images/StatCounter-os_research.png  used on input li
ne 176.
(pdftex.def)             Requested size: 275.36124pt x 154.88785pt.
File: BG7_dark_UFF.png Graphic file (type png)
<use BG7_dark_UFF.png>
Package pdftex.def Info: BG7_dark_UFF.png  used on input line 176.
(pdftex.def)             Requested size: 364.21074pt x 273.14651pt.

Overfull \hbox (21.50851pt too wide) has occurred while \output is active
 [][]  \T1/cmss/m/n/5 ([])  
 []


Overfull \hbox (7.25168pt too wide) has occurred while \output is active
 [][]|  []\T1/cmss/m/n/5 5/15|  
 []

[10

]
File: BG7_dark_UFF.png Graphic file (type png)
<use BG7_dark_UFF.png>
Package pdftex.def Info: BG7_dark_UFF.png  used on input line 192.
(pdftex.def)             Requested size: 364.21074pt x 273.14651pt.

Overfull \hbox (21.50851pt too wide) has occurred while \output is active
 [][]  \T1/cmss/m/n/5 ([])  
 []


Overfull \hbox (7.25168pt too wide) has occurred while \output is active
 [][]|  []\T1/cmss/m/n/5 6/15|  
 []

[11

]
File: BG7_dark_UFF.png Graphic file (type png)
<use BG7_dark_UFF.png>
Package pdftex.def Info: BG7_dark_UFF.png  used on input line 192.
(pdftex.def)             Requested size: 364.21074pt x 273.14651pt.

Overfull \hbox (21.50851pt too wide) has occurred while \output is active
 [][]  \T1/cmss/m/n/5 ([])  
 []


Overfull \hbox (7.25168pt too wide) has occurred while \output is active
 [][]|  []\T1/cmss/m/n/5 6/15|  
 []

[12

]
<./images/ROADMAP_QUESTMAT.jpg, id=361, 1284.8pt x 722.7pt>
File: ./images/ROADMAP_QUESTMAT.jpg Graphic file (type jpg)
<use ./images/ROADMAP_QUESTMAT.jpg>
Package pdftex.def Info: ./images/ROADMAP_QUESTMAT.jpg  used on input line 230.

(pdftex.def)             Requested size: 344.20024pt x 193.6098pt.
File: BG7_dark_UFF.png Graphic file (type png)
<use BG7_dark_UFF.png>
Package pdftex.def Info: BG7_dark_UFF.png  used on input line 230.
(pdftex.def)             Requested size: 364.21074pt x 273.14651pt.

Overfull \hbox (21.50851pt too wide) has occurred while \output is active
 [][]  \T1/cmss/m/n/5 ([])  
 []


Overfull \hbox (7.25168pt too wide) has occurred while \output is active
 [][]|  []\T1/cmss/m/n/5 7/15|  
 []

[13

 <./images/ROADMAP_QUESTMAT.jpg>]
<./images/quiz_selection.jpeg, id=389, 456.20438pt x 920.68968pt>
File: ./images/quiz_selection.jpeg Graphic file (type jpg)
<use ./images/quiz_selection.jpeg>
Package pdftex.def Info: ./images/quiz_selection.jpeg  used on input line 253.
(pdftex.def)             Requested size: 123.90773pt x 227.37619pt.

Overfull \vbox (7.21794pt too high) detected at line 253
 []

File: BG7_dark_UFF.png Graphic file (type png)
<use BG7_dark_UFF.png>
Package pdftex.def Info: BG7_dark_UFF.png  used on input line 253.
(pdftex.def)             Requested size: 364.21074pt x 273.14651pt.

Overfull \hbox (21.50851pt too wide) has occurred while \output is active
 [][]  \T1/cmss/m/n/5 ([])  
 []


Overfull \hbox (7.25168pt too wide) has occurred while \output is active
 [][]|  []\T1/cmss/m/n/5 8/15|  
 []

[14

 <./images/quiz_selection.jpeg>]
File: ./images/quiz_selection.jpeg Graphic file (type jpg)
<use ./images/quiz_selection.jpeg>
Package pdftex.def Info: ./images/quiz_selection.jpeg  used on input line 253.
(pdftex.def)             Requested size: 123.90773pt x 227.37619pt.

Overfull \vbox (7.21794pt too high) detected at line 253
 []

File: BG7_dark_UFF.png Graphic file (type png)
<use BG7_dark_UFF.png>
Package pdftex.def Info: BG7_dark_UFF.png  used on input line 253.
(pdftex.def)             Requested size: 364.21074pt x 273.14651pt.

Overfull \hbox (21.50851pt too wide) has occurred while \output is active
 [][]  \T1/cmss/m/n/5 ([])  
 []


Overfull \hbox (7.25168pt too wide) has occurred while \output is active
 [][]|  []\T1/cmss/m/n/5 8/15|  
 []

[15

]
<./images/questao_random.PNG, id=442, 211.54031pt x 365.86688pt>
File: ./images/questao_random.PNG Graphic file (type png)
<use ./images/questao_random.PNG>
Package pdftex.def Info: ./images/questao_random.PNG  used on input line 273.
(pdftex.def)             Requested size: 123.90712pt x 227.38222pt.

Overfull \vbox (7.22397pt too high) detected at line 273
 []

File: BG7_dark_UFF.png Graphic file (type png)
<use BG7_dark_UFF.png>
Package pdftex.def Info: BG7_dark_UFF.png  used on input line 273.
(pdftex.def)             Requested size: 364.21074pt x 273.14651pt.

Overfull \hbox (21.50851pt too wide) has occurred while \output is active
 [][]  \T1/cmss/m/n/5 ([])  
 []


Overfull \hbox (7.25168pt too wide) has occurred while \output is active
 [][]|  []\T1/cmss/m/n/5 9/15|  
 []

[16

 <./images/questao_random.PNG>]
File: ./images/questao_random.PNG Graphic file (type png)
<use ./images/questao_random.PNG>
Package pdftex.def Info: ./images/questao_random.PNG  used on input line 273.
(pdftex.def)             Requested size: 123.90712pt x 227.38222pt.

Overfull \vbox (7.22397pt too high) detected at line 273
 []

File: BG7_dark_UFF.png Graphic file (type png)
<use BG7_dark_UFF.png>
Package pdftex.def Info: BG7_dark_UFF.png  used on input line 273.
(pdftex.def)             Requested size: 364.21074pt x 273.14651pt.

Overfull \hbox (21.50851pt too wide) has occurred while \output is active
 [][]  \T1/cmss/m/n/5 ([])  
 []


Overfull \hbox (7.25168pt too wide) has occurred while \output is active
 [][]|  []\T1/cmss/m/n/5 9/15|  
 []

[17

]
<./images/challenge_levels.png, id=496, 206.27063pt x 362.85562pt>
File: ./images/challenge_levels.png Graphic file (type png)
<use ./images/challenge_levels.png>
Package pdftex.def Info: ./images/challenge_levels.png  used on input line 294.

(pdftex.def)             Requested size: 123.91125pt x 227.38771pt.

Overfull \vbox (7.22946pt too high) detected at line 294
 []

File: BG7_dark_UFF.png Graphic file (type png)
<use BG7_dark_UFF.png>
Package pdftex.def Info: BG7_dark_UFF.png  used on input line 294.
(pdftex.def)             Requested size: 364.21074pt x 273.14651pt.

Overfull \hbox (21.50851pt too wide) has occurred while \output is active
 [][]  \T1/cmss/m/n/5 ([])  
 []


Overfull \hbox (10.45378pt too wide) has occurred while \output is active
 [][]|  []\T1/cmss/m/n/5 10/15|  
 []

[18

 <./images/challenge_levels.png>]
File: ./images/challenge_levels.png Graphic file (type png)
<use ./images/challenge_levels.png>
Package pdftex.def Info: ./images/challenge_levels.png  used on input line 294.

(pdftex.def)             Requested size: 123.91125pt x 227.38771pt.

Overfull \vbox (7.22946pt too high) detected at line 294
 []

File: BG7_dark_UFF.png Graphic file (type png)
<use BG7_dark_UFF.png>
Package pdftex.def Info: BG7_dark_UFF.png  used on input line 294.
(pdftex.def)             Requested size: 364.21074pt x 273.14651pt.

Overfull \hbox (21.50851pt too wide) has occurred while \output is active
 [][]  \T1/cmss/m/n/5 ([])  
 []


Overfull \hbox (10.45378pt too wide) has occurred while \output is active
 [][]|  []\T1/cmss/m/n/5 10/15|  
 []

[19

]
<./images/QuestMat_splash.PNG, id=551, 207.77625pt x 361.35pt>
File: ./images/QuestMat_splash.PNG Graphic file (type png)
<use ./images/QuestMat_splash.PNG>
Package pdftex.def Info: ./images/QuestMat_splash.PNG  used on input line 312.
(pdftex.def)             Requested size: 75.72447pt x 131.6959pt.
<./images/menu_quest.jpeg, id=552, 608.2725pt x 1284.8pt>
File: ./images/menu_quest.jpeg Graphic file (type jpg)
<use ./images/menu_quest.jpeg>
Package pdftex.def Info: ./images/menu_quest.jpeg  used on input line 312.
(pdftex.def)             Requested size: 75.72447pt x 159.93304pt.
File: ./images/quiz_selection.jpeg Graphic file (type jpg)
<use ./images/quiz_selection.jpeg>
Package pdftex.def Info: ./images/quiz_selection.jpeg  used on input line 312.
(pdftex.def)             Requested size: 75.72447pt x 152.82039pt.
<./images/timer_quest.jpeg, id=553, 608.2725pt x 1284.8pt>
File: ./images/timer_quest.jpeg Graphic file (type jpg)
<use ./images/timer_quest.jpeg>
Package pdftex.def Info: ./images/timer_quest.jpeg  used on input line 312.
(pdftex.def)             Requested size: 75.72447pt x 159.93304pt.

Overfull \hbox (6.69771pt too wide) in paragraph at lines 312--312
[][]  
 []

File: BG7_dark_UFF.png Graphic file (type png)
<use BG7_dark_UFF.png>
Package pdftex.def Info: BG7_dark_UFF.png  used on input line 312.
(pdftex.def)             Requested size: 364.21074pt x 273.14651pt.

Overfull \hbox (21.50851pt too wide) has occurred while \output is active
 [][]  \T1/cmss/m/n/5 ([])  
 []


Overfull \hbox (10.45378pt too wide) has occurred while \output is active
 [][]|  []\T1/cmss/m/n/5 11/15|  
 []

[20

 <./images/QuestMat_splash.PNG> <./images/menu_quest.jpeg> <./images/timer_ques
t.jpeg>]
File: ./images/questao_random.PNG Graphic file (type png)
<use ./images/questao_random.PNG>
Package pdftex.def Info: ./images/questao_random.PNG  used on input line 328.
(pdftex.def)             Requested size: 75.72447pt x 130.9639pt.
File: ./images/challenge_levels.png Graphic file (type png)
<use ./images/challenge_levels.png>
Package pdftex.def Info: ./images/challenge_levels.png  used on input line 328.

(pdftex.def)             Requested size: 75.72447pt x 133.20804pt.
<./images/scores_quest.PNG, id=581, 207.02344pt x 366.61969pt>
File: ./images/scores_quest.PNG Graphic file (type png)
<use ./images/scores_quest.PNG>
Package pdftex.def Info: ./images/scores_quest.PNG  used on input line 328.
(pdftex.def)             Requested size: 75.72447pt x 134.10316pt.
<./images/credits_quest.PNG, id=582, 209.28188pt x 365.11406pt>
File: ./images/credits_quest.PNG Graphic file (type png)
<use ./images/credits_quest.PNG>
Package pdftex.def Info: ./images/credits_quest.PNG  used on input line 328.
(pdftex.def)             Requested size: 75.72447pt x 132.10393pt.

Overfull \hbox (6.69771pt too wide) in paragraph at lines 328--328
[][]  
 []

File: BG7_dark_UFF.png Graphic file (type png)
<use BG7_dark_UFF.png>
Package pdftex.def Info: BG7_dark_UFF.png  used on input line 328.
(pdftex.def)             Requested size: 364.21074pt x 273.14651pt.

Overfull \hbox (21.50851pt too wide) has occurred while \output is active
 [][]  \T1/cmss/m/n/5 ([])  
 []


Overfull \hbox (10.45378pt too wide) has occurred while \output is active
 [][]|  []\T1/cmss/m/n/5 12/15|  
 []

[21

 <./images/scores_quest.PNG> <./images/credits_quest.PNG>]
<./images/QUESTMAT_MOCKUP.jpg, id=611, 843.15pt x 518.6577pt>
File: ./images/QUESTMAT_MOCKUP.jpg Graphic file (type jpg)
<use ./images/QUESTMAT_MOCKUP.jpg>
Package pdftex.def Info: ./images/QUESTMAT_MOCKUP.jpg  used on input line 342.
(pdftex.def)             Requested size: 344.20134pt x 176.84778pt.

Overfull \vbox (3.93898pt too high) detected at line 342
 []

File: BG7_dark_UFF.png Graphic file (type png)
<use BG7_dark_UFF.png>
Package pdftex.def Info: BG7_dark_UFF.png  used on input line 342.
(pdftex.def)             Requested size: 364.21074pt x 273.14651pt.

Overfull \hbox (21.50851pt too wide) has occurred while \output is active
 [][]  \T1/cmss/m/n/5 ([])  
 []


Overfull \hbox (10.45378pt too wide) has occurred while \output is active
 [][]|  []\T1/cmss/m/n/5 13/15|  
 []

[22

 <./images/QUESTMAT_MOCKUP.jpg>]
File: BG7_dark_UFF.png Graphic file (type png)
<use BG7_dark_UFF.png>
Package pdftex.def Info: BG7_dark_UFF.png  used on input line 357.
(pdftex.def)             Requested size: 364.21074pt x 273.14651pt.

Overfull \hbox (21.50851pt too wide) has occurred while \output is active
 [][]  \T1/cmss/m/n/5 ([])  
 []


Overfull \hbox (10.45378pt too wide) has occurred while \output is active
 [][]|  []\T1/cmss/m/n/5 14/15|  
 []

[23

]
Overfull \vbox (8.21077pt too high) detected at line 394
 []

File: BG7_dark_UFF.png Graphic file (type png)
<use BG7_dark_UFF.png>
Package pdftex.def Info: BG7_dark_UFF.png  used on input line 394.
(pdftex.def)             Requested size: 364.21074pt x 273.14651pt.

Overfull \hbox (21.50851pt too wide) has occurred while \output is active
 [][]  \T1/cmss/m/n/5 ([])  
 []


Overfull \hbox (10.45378pt too wide) has occurred while \output is active
 [][]|  []\T1/cmss/m/n/5 15/15|  
 []

[24

 <C:/Users/Lucas Herick/AppData/Local/Programs/MiKTeX 2.9/tex/latex/beamer/beam
ericonarticle.pdf>]
\tf@nav=\write6
\openout6 = `TEX_SEMAC_PIRP_APP.nav'.

\tf@toc=\write7
\openout7 = `TEX_SEMAC_PIRP_APP.toc'.

\tf@snm=\write8
\openout8 = `TEX_SEMAC_PIRP_APP.snm'.

Package atveryend Info: Empty hook `BeforeClearDocument' on input line 397.
Package atveryend Info: Empty hook `AfterLastShipout' on input line 397.
 (TEX_SEMAC_PIRP_APP.aux)
Package atveryend Info: Executing hook `AtVeryEndDocument' on input line 397.
Package atveryend Info: Executing hook `AtEndAfterFileList' on input line 397.
Package rerunfilecheck Info: File `TEX_SEMAC_PIRP_APP.out' has not changed.
(rerunfilecheck)             Checksum: D41D8CD98F00B204E9800998ECF8427E;0.
 ) 
Here is how much of TeX's memory you used:
 28905 strings out of 492895
 564076 string characters out of 3120464
 629597 words of memory out of 3000000
 32265 multiletter control sequences out of 15000+200000
 543871 words of font info for 48 fonts, out of 3000000 for 9000
 1141 hyphenation exceptions out of 8191
 56i,15n,74p,814b,928s stack positions out of 5000i,500n,10000p,200000b,50000s
 <C:\Users\Lucas Herick\AppData\Local\MiKTeX\2.9\fonts/pk/ljfour/jknappen/ec/
dpi600\ecss2488.pk> <C:\Users\Lucas Herick\AppData\Local\MiKTeX\2.9\fonts/pk/lj
four/jknappen/ec/dpi600\ecsi1000.pk> <C:\Users\Lucas Herick\AppData\Local\MiKTe
X\2.9\fonts/pk/ljfour/jknappen/ec/dpi600\ecss1440.pk> <C:\Users\Lucas Herick\Ap
pData\Local\MiKTeX\2.9\fonts/pk/ljfour/jknappen/ec/dpi600\ecss0500.pk> <C:\User
s\Lucas Herick\AppData\Local\MiKTeX\2.9\fonts/pk/ljfour/jknappen/ec/dpi600\ecss
0900.pk> <C:\Users\Lucas Herick\AppData\Local\MiKTeX\2.9\fonts/pk/ljfour/jknapp
en/ec/dpi600\ecss1000.pk> <C:\Users\Lucas Herick\AppData\Local\MiKTeX\2.9\fonts
/pk/ljfour/jknappen/ec/dpi600\ecsx1200.pk><C:/Users/Lucas Herick/AppData/Local/
Programs/MiKTeX 2.9/fonts/type1/public/amsfonts/cm/cmss10.pfb><C:/Users/Lucas H
erick/AppData/Local/Programs/MiKTeX 2.9/fonts/type1/public/amsfonts/cm/cmsy10.p
fb>
Output written on TEX_SEMAC_PIRP_APP.pdf (24 pages, 4537249 bytes).
PDF statistics:
 1032 PDF objects out of 1200 (max. 8388607)
 54 named destinations out of 1000 (max. 500000)
 158 words of extra memory for PDF output out of 10000 (max. 10000000)

